Determining if the pthread_create exist failed with the following output:
Change Dir: /home/estrong/work/demo_hybrid_astar/build/CMakeFiles/CMakeTmp

Run Build Command:"/usr/bin/make" "cmTC_3e644/fast"
make: Warning: File 'Makefile' has modification time 0.82 s in the future
/usr/bin/make -f CMakeFiles/cmTC_3e644.dir/build.make CMakeFiles/cmTC_3e644.dir/build
make[1]: Entering directory '/home/estrong/work/demo_hybrid_astar/build/CMakeFiles/CMakeTmp'
make[1]: Warning: File 'CMakeFiles/cmTC_3e644.dir/flags.make' has modification time 0.82 s in the future
Building C object CMakeFiles/cmTC_3e644.dir/CheckSymbolExists.c.o
/usr/bin/cc     -o CMakeFiles/cmTC_3e644.dir/CheckSymbolExists.c.o   -c /home/estrong/work/demo_hybrid_astar/build/CMakeFiles/CMakeTmp/CheckSymbolExists.c
Linking C executable cmTC_3e644
/usr/bin/cmake -E cmake_link_script CMakeFiles/cmTC_3e644.dir/link.txt --verbose=1
/usr/bin/cc       CMakeFiles/cmTC_3e644.dir/CheckSymbolExists.c.o  -o cmTC_3e644 -rdynamic 
CMakeFiles/cmTC_3e644.dir/CheckSymbolExists.c.o: In function `main':
CheckSymbolExists.c:(.text+0x16): undefined reference to `pthread_create'
collect2: error: ld returned 1 exit status
CMakeFiles/cmTC_3e644.dir/build.make:97: recipe for target 'cmTC_3e644' failed
make[1]: *** [cmTC_3e644] Error 1
make[1]: Leaving directory '/home/estrong/work/demo_hybrid_astar/build/CMakeFiles/CMakeTmp'
Makefile:126: recipe for target 'cmTC_3e644/fast' failed
make: *** [cmTC_3e644/fast] Error 2

File /home/estrong/work/demo_hybrid_astar/build/CMakeFiles/CMakeTmp/CheckSymbolExists.c:
/* */
#include <pthread.h>

int main(int argc, char** argv)
{
  (void)argv;
#ifndef pthread_create
  return ((int*)(&pthread_create))[argc];
#else
  (void)argc;
  return 0;
#endif
}

Determining if the function pthread_create exists in the pthreads failed with the following output:
Change Dir: /home/estrong/work/demo_hybrid_astar/build/CMakeFiles/CMakeTmp

Run Build Command:"/usr/bin/make" "cmTC_ebe9a/fast"
make: Warning: File 'Makefile' has modification time 0.81 s in the future
/usr/bin/make -f CMakeFiles/cmTC_ebe9a.dir/build.make CMakeFiles/cmTC_ebe9a.dir/build
make[1]: Entering directory '/home/estrong/work/demo_hybrid_astar/build/CMakeFiles/CMakeTmp'
make[1]: Warning: File 'CMakeFiles/cmTC_ebe9a.dir/flags.make' has modification time 0.8 s in the future
Building C object CMakeFiles/cmTC_ebe9a.dir/CheckFunctionExists.c.o
/usr/bin/cc    -DCHECK_FUNCTION_EXISTS=pthread_create   -o CMakeFiles/cmTC_ebe9a.dir/CheckFunctionExists.c.o   -c /usr/share/cmake-3.5/Modules/CheckFunctionExists.c
Linking C executable cmTC_ebe9a
/usr/bin/cmake -E cmake_link_script CMakeFiles/cmTC_ebe9a.dir/link.txt --verbose=1
/usr/bin/cc   -DCHECK_FUNCTION_EXISTS=pthread_create    CMakeFiles/cmTC_ebe9a.dir/CheckFunctionExists.c.o  -o cmTC_ebe9a -rdynamic -lpthreads 
/usr/bin/ld: cannot find -lpthreads
collect2: error: ld returned 1 exit status
CMakeFiles/cmTC_ebe9a.dir/build.make:97: recipe for target 'cmTC_ebe9a' failed
make[1]: *** [cmTC_ebe9a] Error 1
make[1]: Leaving directory '/home/estrong/work/demo_hybrid_astar/build/CMakeFiles/CMakeTmp'
Makefile:126: recipe for target 'cmTC_ebe9a/fast' failed
make: *** [cmTC_ebe9a/fast] Error 2


Determining if the include file pgm.h exists failed with the following output:
Change Dir: /home/estrong/work/demo_hybrid_astar/build/CMakeFiles/CMakeTmp

Run Build Command:"/usr/bin/make" "cmTC_757a7/fast"
make: Warning: File 'Makefile' has modification time 0.81 s in the future
/usr/bin/make -f CMakeFiles/cmTC_757a7.dir/build.make CMakeFiles/cmTC_757a7.dir/build
make[1]: Entering directory '/home/estrong/work/demo_hybrid_astar/build/CMakeFiles/CMakeTmp'
make[1]: Warning: File 'CMakeFiles/cmTC_757a7.dir/flags.make' has modification time 0.8 s in the future
Building CXX object CMakeFiles/cmTC_757a7.dir/CheckIncludeFile.cxx.o
/usr/bin/c++      -o CMakeFiles/cmTC_757a7.dir/CheckIncludeFile.cxx.o -c /home/estrong/work/demo_hybrid_astar/build/CMakeFiles/CMakeTmp/CheckIncludeFile.cxx
/home/estrong/work/demo_hybrid_astar/build/CMakeFiles/CMakeTmp/CheckIncludeFile.cxx:1:17: fatal error: pgm.h: No such file or directory
compilation terminated.
CMakeFiles/cmTC_757a7.dir/build.make:65: recipe for target 'CMakeFiles/cmTC_757a7.dir/CheckIncludeFile.cxx.o' failed
make[1]: *** [CMakeFiles/cmTC_757a7.dir/CheckIncludeFile.cxx.o] Error 1
make[1]: Leaving directory '/home/estrong/work/demo_hybrid_astar/build/CMakeFiles/CMakeTmp'
Makefile:126: recipe for target 'cmTC_757a7/fast' failed
make: *** [cmTC_757a7/fast] Error 2


